# JRE version: 7.0_17-b02
# Java VM: Java HotSpot(TM) Server VM (23.7-b01 mixed mode windows-x86 )
Heap
 PSYoungGen      total 136512K, used 112K [0xaeaa0000, 0xb7540000, 0xc3ff0000)
  eden space 131072K, 0% used [0xaeaa0000,0xaeaa0000,0xb6aa0000)
  from space 5440K, 2% used [0xb6aa0000,0xb6abc000,0xb6ff0000)
  to   space 5440K, 0% used [0xb6ff0000,0xb6ff0000,0xb7540000)
 ParOldGen       total 87424K, used 27414K [0x83ff0000, 0x89550000, 0xaeaa0000)
  object space 87424K, 31% used [0x83ff0000,0x85ab58e8,0x89550000)
 PSPermGen       total 34048K, used 32452K [0x7fff0000, 0x82130000, 0x83ff0000)
  object space 34048K, 95% used [0x7fff0000,0x81fa12d8,0x82130000)
GC Heap History (10 events):
Event: 9.463 GC heap before
{Heap before GC invocations=107 (full 52):
 PSYoungGen      total 136512K, used 3967K [0xaeaa0000, 0xb7540000, 0xc3ff0000)
  eden space 131072K, 0% used [0xaeaa0000,0xaeaa0000,0xb6aa0000)
  from space 5440K, 72% used [0xb6aa0000,0xb6e7fd68,0xb6ff0000)
  to   space 5440K, 0% used [0xb6ff0000,0xb6ff0000,0xb7540000)
 ParOldGen       total 87424K, used 26025K [0x83ff0000, 0x89550000, 0xaeaa0000)
  object space 87424K, 29% used [0x83ff0000,0x8595a6a8,0x89550000)
 PSPermGen       total 34560K, used 32352K [0x7fff0000, 0x821b0000, 0x83ff0000)
  object space 34560K, 93% used [0x7fff0000,0x81f883a0,0x821b0000)
Event: 9.515 GC heap after
Heap after GC invocations=107 (full 52):
 PSYoungGen      total 136512K, used 0K [0xaeaa0000, 0xb7540000, 0xc3ff0000)
  eden space 131072K, 0% used [0xaeaa0000,0xaeaa0000,0xb6aa0000)
  from space 5440K, 0% used [0xb6aa0000,0xb6aa0000,0xb6ff0000)
  to   space 5440K, 0% used [0xb6ff0000,0xb6ff0000,0xb7540000)
 ParOldGen       total 87424K, used 27708K [0x83ff0000, 0x89550000, 0xaeaa0000)
  object space 87424K, 31% used [0x83ff0000,0x85aff1c8,0x89550000)
 PSPermGen       total 34560K, used 32352K [0x7fff0000, 0x821b0000, 0x83ff0000)
  object space 34560K, 93% used [0x7fff0000,0x81f88260,0x821b0000)
}
Event: 10.372 GC heap before
{Heap before GC invocations=108 (full 52):
 PSYoungGen      total 136512K, used 10760K [0xaeaa0000, 0xb7540000, 0xc3ff0000)
  eden space 131072K, 8% used [0xaeaa0000,0xaf522018,0xb6aa0000)
  from space 5440K, 0% used [0xb6aa0000,0xb6aa0000,0xb6ff0000)
  to   space 5440K, 0% used [0xb6ff0000,0xb6ff0000,0xb7540000)
 ParOldGen       total 87424K, used 27708K [0x83ff0000, 0x89550000, 0xaeaa0000)
  object space 87424K, 31% used [0x83ff0000,0x85aff1c8,0x89550000)
 PSPermGen       total 34560K, used 32416K [0x7fff0000, 0x821b0000, 0x83ff0000)
  object space 34560K, 93% used [0x7fff0000,0x81f98290,0x821b0000)
Event: 10.373 GC heap after
Heap after GC invocations=108 (full 52):
 PSYoungGen      total 136512K, used 615K [0xaeaa0000, 0xb7540000, 0xc3ff0000)
  eden space 131072K, 0% used [0xaeaa0000,0xaeaa0000,0xb6aa0000)
  from space 5440K, 11% used [0xb6ff0000,0xb7089e18,0xb7540000)
  to   space 5440K, 0% used [0xb6aa0000,0xb6aa0000,0xb6ff0000)
 ParOldGen       total 87424K, used 27708K [0x83ff0000, 0x89550000, 0xaeaa0000)
  object space 87424K, 31% used [0x83ff0000,0x85aff1c8,0x89550000)
 PSPermGen       total 34560K, used 32416K [0x7fff0000, 0x821b0000, 0x83ff0000)
  object space 34560K, 93% used [0x7fff0000,0x81f98290,0x821b0000)
}
Event: 10.373 GC heap before
{Heap before GC invocations=109 (full 53):
 PSYoungGen      total 136512K, used 615K [0xaeaa0000, 0xb7540000, 0xc3ff0000)
  eden space 131072K, 0% used [0xaeaa0000,0xaeaa0000,0xb6aa0000)
  from space 5440K, 11% used [0xb6ff0000,0xb7089e18,0xb7540000)
  to   space 5440K, 0% used [0xb6aa0000,0xb6aa0000,0xb6ff0000)
 ParOldGen       total 87424K, used 27708K [0x83ff0000, 0x89550000, 0xaeaa0000)
  object space 87424K, 31% used [0x83ff0000,0x85aff1c8,0x89550000)
 PSPermGen       total 34560K, used 32416K [0x7fff0000, 0x821b0000, 0x83ff0000)
  object space 34560K, 93% used [0x7fff0000,0x81f98290,0x821b0000)
Event: 10.415 GC heap after
Heap after GC invocations=109 (full 53):
 PSYoungGen      total 136512K, used 0K [0xaeaa0000, 0xb7540000, 0xc3ff0000)
  eden space 131072K, 0% used [0xaeaa0000,0xaeaa0000,0xb6aa0000)
  from space 5440K, 0% used [0xb6ff0000,0xb6ff0000,0xb7540000)
  to   space 5440K, 0% used [0xb6aa0000,0xb6aa0000,0xb6ff0000)
 ParOldGen       total 87424K, used 27578K [0x83ff0000, 0x89550000, 0xaeaa0000)
  object space 87424K, 31% used [0x83ff0000,0x85ade850,0x89550000)
 PSPermGen       total 34304K, used 32416K [0x7fff0000, 0x82170000, 0x83ff0000)
  object space 34304K, 94% used [0x7fff0000,0x81f98210,0x82170000)
}
Event: 10.520 GC heap before
{Heap before GC invocations=110 (full 53):
 PSYoungGen      total 136512K, used 12367K [0xaeaa0000, 0xb7540000, 0xc3ff0000)
  eden space 131072K, 9% used [0xaeaa0000,0xaf6b3c18,0xb6aa0000)
  from space 5440K, 0% used [0xb6ff0000,0xb6ff0000,0xb7540000)
  to   space 5440K, 0% used [0xb6aa0000,0xb6aa0000,0xb6ff0000)
 ParOldGen       total 87424K, used 27578K [0x83ff0000, 0x89550000, 0xaeaa0000)
  object space 87424K, 31% used [0x83ff0000,0x85ade850,0x89550000)
 PSPermGen       total 34304K, used 32435K [0x7fff0000, 0x82170000, 0x83ff0000)
  object space 34304K, 94% used [0x7fff0000,0x81f9ce60,0x82170000)
Event: 10.522 GC heap after
Heap after GC invocations=110 (full 53):
 PSYoungGen      total 136512K, used 688K [0xaeaa0000, 0xb7540000, 0xc3ff0000)
  eden space 131072K, 0% used [0xaeaa0000,0xaeaa0000,0xb6aa0000)
  from space 5440K, 12% used [0xb6aa0000,0xb6b4c000,0xb6ff0000)
  to   space 5440K, 0% used [0xb6ff0000,0xb6ff0000,0xb7540000)
 ParOldGen       total 87424K, used 27578K [0x83ff0000, 0x89550000, 0xaeaa0000)
  object space 87424K, 31% used [0x83ff0000,0x85ade850,0x89550000)
 PSPermGen       total 34304K, used 32435K [0x7fff0000, 0x82170000, 0x83ff0000)
  object space 34304K, 94% used [0x7fff0000,0x81f9ce60,0x82170000)
}
Event: 10.522 GC heap before
{Heap before GC invocations=111 (full 54):
 PSYoungGen      total 136512K, used 688K [0xaeaa0000, 0xb7540000, 0xc3ff0000)
  eden space 131072K, 0% used [0xaeaa0000,0xaeaa0000,0xb6aa0000)
  from space 5440K, 12% used [0xb6aa0000,0xb6b4c000,0xb6ff0000)
  to   space 5440K, 0% used [0xb6ff0000,0xb6ff0000,0xb7540000)
 ParOldGen       total 87424K, used 27578K [0x83ff0000, 0x89550000, 0xaeaa0000)
  object space 87424K, 31% used [0x83ff0000,0x85ade850,0x89550000)
 PSPermGen       total 34304K, used 32435K [0x7fff0000, 0x82170000, 0x83ff0000)
  object space 34304K, 94% used [0x7fff0000,0x81f9ce60,0x82170000)
Event: 10.557 GC heap after
Heap after GC invocations=111 (full 54):
 PSYoungGen      total 136512K, used 0K [0xaeaa0000, 0xb7540000, 0xc3ff0000)
  eden space 131072K, 0% used [0xaeaa0000,0xaeaa0000,0xb6aa0000)
  from space 5440K, 0% used [0xb6aa0000,0xb6aa0000,0xb6ff0000)
  to   space 5440K, 0% used [0xb6ff0000,0xb6ff0000,0xb7540000)
 ParOldGen       total 87424K, used 27612K [0x83ff0000, 0x89550000, 0xaeaa0000)
  object space 87424K, 31% used [0x83ff0000,0x85ae7290,0x89550000)
 PSPermGen       total 34304K, used 32435K [0x7fff0000, 0x82170000, 0x83ff0000)
  object space 34304K, 94% used [0x7fff0000,0x81f9ce00,0x82170000)
}

