# JRE version: 7.0_17-b02
# Java VM: Java HotSpot(TM) Server VM (23.7-b01 mixed mode windows-x86 )
Heap
 PSYoungGen      total 79936K, used 2886K [0xaeaa0000, 0xb3ea0000, 0xc3ff0000)
  eden space 79104K, 3% used [0xaeaa0000,0xaed71a60,0xb37e0000)
  from space 832K, 0% used [0xb37e0000,0xb37e0000,0xb38b0000)
  to   space 3456K, 0% used [0xb3b40000,0xb3b40000,0xb3ea0000)
 ParOldGen       total 87424K, used 27733K [0x83ff0000, 0x89550000, 0xaeaa0000)
  object space 87424K, 31% used [0x83ff0000,0x85b054e0,0x89550000)
 PSPermGen       total 34560K, used 32477K [0x7fff0000, 0x821b0000, 0x83ff0000)
  object space 34560K, 93% used [0x7fff0000,0x81fa77f0,0x821b0000)
GC Heap History (10 events):
Event: 11.006 GC heap before
{Heap before GC invocations=112 (full 53):
 PSYoungGen      total 82816K, used 1551K [0xaeaa0000, 0xb3f40000, 0xc3ff0000)
  eden space 78912K, 0% used [0xaeaa0000,0xaeaa0000,0xb37b0000)
  from space 3904K, 39% used [0xb37b0000,0xb3933d98,0xb3b80000)
  to   space 3776K, 0% used [0xb3b90000,0xb3b90000,0xb3f40000)
 ParOldGen       total 87424K, used 26987K [0x83ff0000, 0x89550000, 0xaeaa0000)
  object space 87424K, 30% used [0x83ff0000,0x85a4af30,0x89550000)
 PSPermGen       total 34560K, used 32368K [0x7fff0000, 0x821b0000, 0x83ff0000)
  object space 34560K, 93% used [0x7fff0000,0x81f8c180,0x821b0000)
Event: 11.051 GC heap after
Heap after GC invocations=112 (full 53):
 PSYoungGen      total 82816K, used 0K [0xaeaa0000, 0xb3f40000, 0xc3ff0000)
  eden space 78912K, 0% used [0xaeaa0000,0xaeaa0000,0xb37b0000)
  from space 3904K, 0% used [0xb37b0000,0xb37b0000,0xb3b80000)
  to   space 3776K, 0% used [0xb3b90000,0xb3b90000,0xb3f40000)
 ParOldGen       total 87424K, used 27487K [0x83ff0000, 0x89550000, 0xaeaa0000)
  object space 87424K, 31% used [0x83ff0000,0x85ac7e28,0x89550000)
 PSPermGen       total 34816K, used 32368K [0x7fff0000, 0x821f0000, 0x83ff0000)
  object space 34816K, 92% used [0x7fff0000,0x81f8c110,0x821f0000)
}
Event: 11.341 GC heap before
{Heap before GC invocations=113 (full 53):
 PSYoungGen      total 82816K, used 6490K [0xaeaa0000, 0xb3f40000, 0xc3ff0000)
  eden space 78912K, 8% used [0xaeaa0000,0xaf0f6af0,0xb37b0000)
  from space 3904K, 0% used [0xb37b0000,0xb37b0000,0xb3b80000)
  to   space 3776K, 0% used [0xb3b90000,0xb3b90000,0xb3f40000)
 ParOldGen       total 87424K, used 27487K [0x83ff0000, 0x89550000, 0xaeaa0000)
  object space 87424K, 31% used [0x83ff0000,0x85ac7e28,0x89550000)
 PSPermGen       total 34816K, used 32429K [0x7fff0000, 0x821f0000, 0x83ff0000)
  object space 34816K, 93% used [0x7fff0000,0x81f9b410,0x821f0000)
Event: 11.343 GC heap after
Heap after GC invocations=113 (full 53):
 PSYoungGen      total 82624K, used 631K [0xaeaa0000, 0xb3f00000, 0xc3ff0000)
  eden space 79104K, 0% used [0xaeaa0000,0xaeaa0000,0xb37e0000)
  from space 3520K, 17% used [0xb3b90000,0xb3c2de18,0xb3f00000)
  to   space 3648K, 0% used [0xb37e0000,0xb37e0000,0xb3b70000)
 ParOldGen       total 87424K, used 27487K [0x83ff0000, 0x89550000, 0xaeaa0000)
  object space 87424K, 31% used [0x83ff0000,0x85ac7e28,0x89550000)
 PSPermGen       total 34816K, used 32429K [0x7fff0000, 0x821f0000, 0x83ff0000)
  object space 34816K, 93% used [0x7fff0000,0x81f9b410,0x821f0000)
}
Event: 11.343 GC heap before
{Heap before GC invocations=114 (full 54):
 PSYoungGen      total 82624K, used 631K [0xaeaa0000, 0xb3f00000, 0xc3ff0000)
  eden space 79104K, 0% used [0xaeaa0000,0xaeaa0000,0xb37e0000)
  from space 3520K, 17% used [0xb3b90000,0xb3c2de18,0xb3f00000)
  to   space 3648K, 0% used [0xb37e0000,0xb37e0000,0xb3b70000)
 ParOldGen       total 87424K, used 27487K [0x83ff0000, 0x89550000, 0xaeaa0000)
  object space 87424K, 31% used [0x83ff0000,0x85ac7e28,0x89550000)
 PSPermGen       total 34816K, used 32429K [0x7fff0000, 0x821f0000, 0x83ff0000)
  object space 34816K, 93% used [0x7fff0000,0x81f9b410,0x821f0000)
Event: 11.387 GC heap after
Heap after GC invocations=114 (full 54):
 PSYoungGen      total 82624K, used 0K [0xaeaa0000, 0xb3f00000, 0xc3ff0000)
  eden space 79104K, 0% used [0xaeaa0000,0xaeaa0000,0xb37e0000)
  from space 3520K, 0% used [0xb3b90000,0xb3b90000,0xb3f00000)
  to   space 3648K, 0% used [0xb37e0000,0xb37e0000,0xb3b70000)
 ParOldGen       total 87424K, used 27435K [0x83ff0000, 0x89550000, 0xaeaa0000)
  object space 87424K, 31% used [0x83ff0000,0x85abac18,0x89550000)
 PSPermGen       total 34560K, used 32428K [0x7fff0000, 0x821b0000, 0x83ff0000)
  object space 34560K, 93% used [0x7fff0000,0x81f9b320,0x821b0000)
}
Event: 11.550 GC heap before
{Heap before GC invocations=115 (full 54):
 PSYoungGen      total 82624K, used 10530K [0xaeaa0000, 0xb3f00000, 0xc3ff0000)
  eden space 79104K, 13% used [0xaeaa0000,0xaf4e8928,0xb37e0000)
  from space 3520K, 0% used [0xb3b90000,0xb3b90000,0xb3f00000)
  to   space 3648K, 0% used [0xb37e0000,0xb37e0000,0xb3b70000)
 ParOldGen       total 87424K, used 27435K [0x83ff0000, 0x89550000, 0xaeaa0000)
  object space 87424K, 31% used [0x83ff0000,0x85abac18,0x89550000)
 PSPermGen       total 34560K, used 32454K [0x7fff0000, 0x821b0000, 0x83ff0000)
  object space 34560K, 93% used [0x7fff0000,0x81fa1a38,0x821b0000)
Event: 11.551 GC heap after
Heap after GC invocations=115 (full 54):
 PSYoungGen      total 79936K, used 816K [0xaeaa0000, 0xb3ea0000, 0xc3ff0000)
  eden space 79104K, 0% used [0xaeaa0000,0xaeaa0000,0xb37e0000)
  from space 832K, 98% used [0xb37e0000,0xb38ac000,0xb38b0000)
  to   space 3456K, 0% used [0xb3b40000,0xb3b40000,0xb3ea0000)
 ParOldGen       total 87424K, used 27435K [0x83ff0000, 0x89550000, 0xaeaa0000)
  object space 87424K, 31% used [0x83ff0000,0x85abac18,0x89550000)
 PSPermGen       total 34560K, used 32454K [0x7fff0000, 0x821b0000, 0x83ff0000)
  object space 34560K, 93% used [0x7fff0000,0x81fa1a38,0x821b0000)
}
Event: 11.551 GC heap before
{Heap before GC invocations=116 (full 55):
 PSYoungGen      total 79936K, used 816K [0xaeaa0000, 0xb3ea0000, 0xc3ff0000)
  eden space 79104K, 0% used [0xaeaa0000,0xaeaa0000,0xb37e0000)
  from space 832K, 98% used [0xb37e0000,0xb38ac000,0xb38b0000)
  to   space 3456K, 0% used [0xb3b40000,0xb3b40000,0xb3ea0000)
 ParOldGen       total 87424K, used 27435K [0x83ff0000, 0x89550000, 0xaeaa0000)
  object space 87424K, 31% used [0x83ff0000,0x85abac18,0x89550000)
 PSPermGen       total 34560K, used 32454K [0x7fff0000, 0x821b0000, 0x83ff0000)
  object space 34560K, 93% used [0x7fff0000,0x81fa1a38,0x821b0000)
Event: 11.602 GC heap after
Heap after GC invocations=116 (full 55):
 PSYoungGen      total 79936K, used 0K [0xaeaa0000, 0xb3ea0000, 0xc3ff0000)
  eden space 79104K, 0% used [0xaeaa0000,0xaeaa0000,0xb37e0000)
  from space 832K, 0% used [0xb37e0000,0xb37e0000,0xb38b0000)
  to   space 3456K, 0% used [0xb3b40000,0xb3b40000,0xb3ea0000)
 ParOldGen       total 87424K, used 27733K [0x83ff0000, 0x89550000, 0xaeaa0000)
  object space 87424K, 31% used [0x83ff0000,0x85b054e0,0x89550000)
 PSPermGen       total 34560K, used 32454K [0x7fff0000, 0x821b0000, 0x83ff0000)
  object space 34560K, 93% used [0x7fff0000,0x81fa19c8,0x821b0000)
}

